

Microchip MPLAB XC8 Assembler V2.45 build 20230818022343 
                                                                                               Thu Dec 21 18:21:02 2023

Microchip MPLAB XC8 C Compiler v2.45 (Free license) build 20230818022343 Og1 
     1                           	processor	16F877A
     2                           	pagewidth 120
     3                           	opt	flic
     4                           	psect	cinit,global,class=CODE,merge=1,delta=2
     5                           	psect	cstackCOMMON,global,class=COMMON,space=1,delta=1,noexec
     6                           	psect	maintext,global,class=CODE,split=1,delta=2
     7                           	psect	text1,local,class=CODE,merge=1,delta=2
     8                           	psect	intentry,global,class=CODE,delta=2
     9                           	psect	config,global,abs,ovrld,class=CONFIG,space=4,delta=2,noexec
    10                           	dabs	1,0x7E,2
    11     0000                     
    12                           ; Generated 22/03/2023 GMT
    13                           ; 
    14                           ; Copyright © 2023, Microchip Technology Inc. and its subsidiaries ("Microchip")
    15                           ; All rights reserved.
    16                           ; 
    17                           ; This software is developed by Microchip Technology Inc. and its subsidiaries ("Microch
      +                          ip").
    18                           ; 
    19                           ; Redistribution and use in source and binary forms, with or without modification, are
    20                           ; permitted provided that the following conditions are met:
    21                           ; 
    22                           ;     1. Redistributions of source code must retain the above copyright notice, this lis
      +                          t of
    23                           ;        conditions and the following disclaimer.
    24                           ; 
    25                           ;     2. Redistributions in binary form must reproduce the above copyright notice, this 
      +                          list
    26                           ;        of conditions and the following disclaimer in the documentation and/or other
    27                           ;        materials provided with the distribution. Publication is not required when
    28                           ;        this file is used in an embedded application.
    29                           ; 
    30                           ;     3. Microchip's name may not be used to endorse or promote products derived from th
      +                          is
    31                           ;        software without specific prior written permission.
    32                           ; 
    33                           ; THIS SOFTWARE IS PROVIDED BY MICROCHIP "AS IS" AND ANY EXPRESS OR IMPLIED WARRANTIES,
    34                           ; INCLUDING, BUT NOT LIMITED TO, THE IMPLIED WARRANTIES OF MERCHANTABILITY AND FITNESS F
      +                          OR
    35                           ; PURPOSE ARE DISCLAIMED.  IN NO EVENT SHALL MICROCHIP BE LIABLE FOR ANY DIRECT, INDIREC
      +                          T,
    36                           ; INCIDENTAL, SPECIAL, EXEMPLARY, OR CONSEQUENTIAL DAMAGES (INCLUDING BUT NOT LIMITED TO
    37                           ; PROCUREMENT OF SUBSTITUTE GOODS OR SERVICES; LOSS OF USE, DATA OR PROFITS; OR BUSINESS
    38                           ; INTERRUPTION) HOWSOEVER CAUSED AND ON ANY THEORY OF LIABILITY, WHETHER IN CONTRACT, ST
      +                          RICT
    39                           ; LIABILITY, OR TORT (INCLUDING NEGLIGENCE OR OTHERWISE) ARISING IN ANY WAY OUT OF THE U
      +                          SE OF
    40                           ; THIS SOFTWARE, EVEN IF ADVISED OF THE POSSIBILITY OF SUCH DAMAGE.
    41                           ; 
    42                           ; 
    43                           ; Code-generator required, PIC16F877A Definitions
    44                           ; 
    45                           ; SFR Addresses
    46     0000                     	;# 
    47     0001                     	;# 
    48     0002                     	;# 
    49     0003                     	;# 
    50     0004                     	;# 
    51     0005                     	;# 
    52     0006                     	;# 
    53     0007                     	;# 
    54     0008                     	;# 
    55     0009                     	;# 
    56     000A                     	;# 
    57     000B                     	;# 
    58     000C                     	;# 
    59     000D                     	;# 
    60     000E                     	;# 
    61     000E                     	;# 
    62     000F                     	;# 
    63     0010                     	;# 
    64     0011                     	;# 
    65     0012                     	;# 
    66     0013                     	;# 
    67     0014                     	;# 
    68     0015                     	;# 
    69     0015                     	;# 
    70     0016                     	;# 
    71     0017                     	;# 
    72     0018                     	;# 
    73     0019                     	;# 
    74     001A                     	;# 
    75     001B                     	;# 
    76     001B                     	;# 
    77     001C                     	;# 
    78     001D                     	;# 
    79     001E                     	;# 
    80     001F                     	;# 
    81     0081                     	;# 
    82     0085                     	;# 
    83     0086                     	;# 
    84     0087                     	;# 
    85     0088                     	;# 
    86     0089                     	;# 
    87     008C                     	;# 
    88     008D                     	;# 
    89     008E                     	;# 
    90     0091                     	;# 
    91     0092                     	;# 
    92     0093                     	;# 
    93     0094                     	;# 
    94     0098                     	;# 
    95     0099                     	;# 
    96     009C                     	;# 
    97     009D                     	;# 
    98     009E                     	;# 
    99     009F                     	;# 
   100     010C                     	;# 
   101     010D                     	;# 
   102     010E                     	;# 
   103     010F                     	;# 
   104     018C                     	;# 
   105     018D                     	;# 
   106     0000                     	;# 
   107     0001                     	;# 
   108     0002                     	;# 
   109     0003                     	;# 
   110     0004                     	;# 
   111     0005                     	;# 
   112     0006                     	;# 
   113     0007                     	;# 
   114     0008                     	;# 
   115     0009                     	;# 
   116     000A                     	;# 
   117     000B                     	;# 
   118     000C                     	;# 
   119     000D                     	;# 
   120     000E                     	;# 
   121     000E                     	;# 
   122     000F                     	;# 
   123     0010                     	;# 
   124     0011                     	;# 
   125     0012                     	;# 
   126     0013                     	;# 
   127     0014                     	;# 
   128     0015                     	;# 
   129     0015                     	;# 
   130     0016                     	;# 
   131     0017                     	;# 
   132     0018                     	;# 
   133     0019                     	;# 
   134     001A                     	;# 
   135     001B                     	;# 
   136     001B                     	;# 
   137     001C                     	;# 
   138     001D                     	;# 
   139     001E                     	;# 
   140     001F                     	;# 
   141     0081                     	;# 
   142     0085                     	;# 
   143     0086                     	;# 
   144     0087                     	;# 
   145     0088                     	;# 
   146     0089                     	;# 
   147     008C                     	;# 
   148     008D                     	;# 
   149     008E                     	;# 
   150     0091                     	;# 
   151     0092                     	;# 
   152     0093                     	;# 
   153     0094                     	;# 
   154     0098                     	;# 
   155     0099                     	;# 
   156     009C                     	;# 
   157     009D                     	;# 
   158     009E                     	;# 
   159     009F                     	;# 
   160     010C                     	;# 
   161     010D                     	;# 
   162     010E                     	;# 
   163     010F                     	;# 
   164     018C                     	;# 
   165     018D                     	;# 
   166     0007                     _PORTCbits	set	7
   167     000B                     _INTCONbits	set	11
   168     0087                     _TRISC	set	135
   169     0081                     _OPTION_REGbits	set	129
   170                           
   171                           	psect	cinit
   172     000F                     start_initialization:	
   173                           ; #config settings
   174                           
   175     000F                     __initialization:
   176     000F                     end_of_initialization:	
   177                           ;End of C runtime variable initialization code
   178                           
   179     000F                     __end_of__initialization:
   180     000F  0183               	clrf	3
   181     0010  120A  118A  282E   	ljmp	_main	;jump to C main() function
   182                           
   183                           	psect	cstackCOMMON
   184     0070                     __pcstackCOMMON:
   185     0070                     ?_external:
   186     0070                     ??_external:	
   187                           ; 1 bytes @ 0x0
   188                           
   189     0070                     ?_main:	
   190                           ; 1 bytes @ 0x0
   191                           
   192                           
   193                           ; 1 bytes @ 0x0
   194     0070                     	ds	2
   195     0072                     ??_main:
   196                           
   197                           	psect	maintext
   198     002E                     __pmaintext:	
   199                           ; 1 bytes @ 0x2
   200 ;;
   201 ;;Main: autosize = 0, tempsize = 0, incstack = 0, save=0
   202 ;;
   203 ;; *************** function _main *****************
   204 ;; Defined at:
   205 ;;		line 34 in file "main.c"
   206 ;; Parameters:    Size  Location     Type
   207 ;;		None
   208 ;; Auto vars:     Size  Location     Type
   209 ;;		None
   210 ;; Return value:  Size  Location     Type
   211 ;;                  1    wreg      void 
   212 ;; Registers used:
   213 ;;		status,2
   214 ;; Tracked objects:
   215 ;;		On entry : B00/0
   216 ;;		On exit  : 0/0
   217 ;;		Unchanged: 0/0
   218 ;; Data sizes:     COMMON   BANK0   BANK1   BANK3   BANK2
   219 ;;      Params:         0       0       0       0       0
   220 ;;      Locals:         0       0       0       0       0
   221 ;;      Temps:          0       0       0       0       0
   222 ;;      Totals:         0       0       0       0       0
   223 ;;Total ram usage:        0 bytes
   224 ;; Hardware stack levels required when called: 1
   225 ;; This function calls:
   226 ;;		Nothing
   227 ;; This function is called by:
   228 ;;		Startup code after reset
   229 ;; This function uses a non-reentrant model
   230 ;;
   231                           
   232     002E                     _main:	
   233                           ;psect for function _main
   234                           
   235     002E                     l620:	
   236                           ;incstack = 0
   237                           ; Regs used in _main: [status,2]
   238                           
   239                           
   240                           ;main.c: 35: INTCONbits.GIE = 1;
   241     002E  178B               	bsf	11,7	;volatile
   242                           
   243                           ;main.c: 36: INTCONbits.PEIE = 1;
   244     002F  170B               	bsf	11,6	;volatile
   245                           
   246                           ;main.c: 37: INTCONbits.INTE = 1;
   247     0030  160B               	bsf	11,4	;volatile
   248                           
   249                           ;main.c: 39: OPTION_REGbits.INTEDG = 1;
   250     0031  1683               	bsf	3,5	;RP0=1, select bank1
   251     0032  1303               	bcf	3,6	;RP1=0, select bank1
   252     0033  1701               	bsf	1,6	;volatile
   253     0034                     l622:
   254                           
   255                           ;main.c: 41: TRISC = 0x00;
   256     0034  0187               	clrf	7	;volatile
   257     0035                     l19:	
   258                           ;main.c: 43: while(1){
   259                           
   260     0035                     l20:
   261     0035  2835               	goto	l19
   262     0036  120A  118A  280C   	ljmp	start
   263     0039                     __end_of_main:
   264                           
   265                           	psect	text1
   266     0013                     __ptext1:	
   267 ;; *************** function _external *****************
   268 ;; Defined at:
   269 ;;		line 27 in file "main.c"
   270 ;; Parameters:    Size  Location     Type
   271 ;;		None
   272 ;; Auto vars:     Size  Location     Type
   273 ;;		None
   274 ;; Return value:  Size  Location     Type
   275 ;;                  1    wreg      void 
   276 ;; Registers used:
   277 ;;		status,0
   278 ;; Tracked objects:
   279 ;;		On entry : 0/0
   280 ;;		On exit  : 0/0
   281 ;;		Unchanged: 0/0
   282 ;; Data sizes:     COMMON   BANK0   BANK1   BANK3   BANK2
   283 ;;      Params:         0       0       0       0       0
   284 ;;      Locals:         0       0       0       0       0
   285 ;;      Temps:          2       0       0       0       0
   286 ;;      Totals:         2       0       0       0       0
   287 ;;Total ram usage:        2 bytes
   288 ;; Hardware stack levels used: 1
   289 ;; This function calls:
   290 ;;		Nothing
   291 ;; This function is called by:
   292 ;;		Interrupt level 1
   293 ;; This function uses a non-reentrant model
   294 ;;
   295                           
   296     0013                     _external:	
   297                           ;psect for function _external
   298                           
   299     0013                     i1l614:
   300                           
   301                           ;main.c: 28: if(INTCONbits.INTF == 1 ){
   302     0013  1C8B               	btfss	11,1	;volatile
   303     0014  2816               	goto	u1_21
   304     0015  2817               	goto	u1_20
   305     0016                     u1_21:
   306     0016  2827               	goto	i1l14
   307     0017                     u1_20:
   308     0017                     i1l616:
   309                           
   310                           ;main.c: 29: PORTCbits.RC0 = ~PORTCbits.RC0;
   311     0017  1003               	clrc
   312     0018  1283               	bcf	3,5	;RP0=0, select bank0
   313     0019  1303               	bcf	3,6	;RP1=0, select bank0
   314     001A  1C07               	btfss	7,0	;volatile
   315     001B  1403               	setc
   316     001C  1803               	btfsc	3,0
   317     001D  281F               	goto	u2_21
   318     001E  2823               	goto	u2_20
   319     001F                     u2_21:
   320     001F  1283               	bcf	3,5	;RP0=0, select bank0
   321     0020  1303               	bcf	3,6	;RP1=0, select bank0
   322     0021  1407               	bsf	7,0	;volatile
   323     0022  2826               	goto	u3_24
   324     0023                     u2_20:
   325     0023  1283               	bcf	3,5	;RP0=0, select bank0
   326     0024  1303               	bcf	3,6	;RP1=0, select bank0
   327     0025  1007               	bcf	7,0	;volatile
   328     0026                     u3_24:
   329     0026                     i1l618:
   330                           
   331                           ;main.c: 30: INTCONbits.INTF = 0;
   332     0026  108B               	bcf	11,1	;volatile
   333     0027                     i1l14:
   334     0027  0871               	movf	??_external+1,w
   335     0028  008A               	movwf	10
   336     0029  0E70               	swapf	??_external,w
   337     002A  0083               	movwf	3
   338     002B  0EFE               	swapf	btemp,f
   339     002C  0E7E               	swapf	btemp,w
   340     002D  0009               	retfie
   341     002E                     __end_of_external:
   342     007E                     btemp	set	126	;btemp
   343     007E                     wtemp0	set	126
   344                           
   345                           	psect	intentry
   346     0004                     __pintentry:	
   347                           ;incstack = 0
   348                           ; Regs used in _external: [status,0]
   349                           
   350     0004                     interrupt_function:
   351     007E                     saved_w	set	btemp
   352     0004  00FE               	movwf	btemp
   353     0005  0E03               	swapf	3,w
   354     0006  00F0               	movwf	??_external
   355     0007  080A               	movf	10,w
   356     0008  00F1               	movwf	??_external+1
   357     0009  120A  118A  2813   	ljmp	_external
   358                           
   359                           	psect	config
   360                           
   361                           ;Config register CONFIG @ 0x2007
   362                           ;	Oscillator Selection bits
   363                           ;	FOSC = HS, HS oscillator
   364                           ;	Watchdog Timer Enable bit
   365                           ;	WDTE = OFF, WDT disabled
   366                           ;	Power-up Timer Enable bit
   367                           ;	PWRTE = OFF, PWRT disabled
   368                           ;	Brown-out Reset Enable bit
   369                           ;	BOREN = ON, BOR enabled
   370                           ;	Low-Voltage (Single-Supply) In-Circuit Serial Programming Enable bit
   371                           ;	LVP = OFF, RB3 is digital I/O, HV on MCLR must be used for programming
   372                           ;	Data EEPROM Memory Code Protection bit
   373                           ;	CPD = OFF, Data EEPROM code protection off
   374                           ;	Flash Program Memory Write Enable bits
   375                           ;	WRT = OFF, Write protection off; all program memory may be written to by EECON control
   376                           ;	In-Circuit Debugger Mode bit
   377                           ;	DEBUG = 0x1, unprogrammed default
   378                           ;	Flash Program Memory Code Protection bit
   379                           ;	CP = OFF, Code protection off
   380     2007                     	org	8199
   381     2007  3F7A               	dw	16250

Data Sizes:
    Strings     0
    Constant    0
    Data        0
    BSS         0
    Persistent  0
    Stack       0

Auto Spaces:
    Space          Size  Autos    Used
    COMMON           14      2       2
    BANK0            80      0       0
    BANK1            80      0       0
    BANK3            96      0       0
    BANK2            96      0       0

Pointer List with Targets:

    None.

Critical Paths under _main in COMMON

    None.

Critical Paths under _external in COMMON

    None.

Critical Paths under _main in BANK0

    None.

Critical Paths under _external in BANK0

    None.

Critical Paths under _main in BANK1

    None.

Critical Paths under _external in BANK1

    None.

Critical Paths under _main in BANK3

    None.

Critical Paths under _external in BANK3

    None.

Critical Paths under _main in BANK2

    None.

Critical Paths under _external in BANK2

    None.

Call Graph Tables:

 ---------------------------------------------------------------------------------
 (Depth) Function   	        Calls       Base Space   Used Autos Params    Refs
 ---------------------------------------------------------------------------------
 (0) _main                                                 0     0      0       0
 ---------------------------------------------------------------------------------
 Estimated maximum stack depth 0
 ---------------------------------------------------------------------------------
 (Depth) Function   	        Calls       Base Space   Used Autos Params    Refs
 ---------------------------------------------------------------------------------
 (1) _external                                             2     2      0       0
                                              0 COMMON     2     2      0
 ---------------------------------------------------------------------------------
 Estimated maximum stack depth 1
 ---------------------------------------------------------------------------------

 Call Graph Graphs:

 _main (ROOT)

 _external (ROOT)

 Address spaces:
Name               Size   Autos  Total    Cost      Usage
BITCOMMON            E      0       0       0        0.0%
EEDATA             100      0       0       0        0.0%
NULL                 0      0       0       0        0.0%
CODE                 0      0       0       0        0.0%
COMMON               E      2       2       1       14.3%
BITSFR0              0      0       0       1        0.0%
SFR0                 0      0       0       1        0.0%
BITSFR1              0      0       0       2        0.0%
SFR1                 0      0       0       2        0.0%
STACK                0      0       0       2        0.0%
ABS                  0      0       0       3        0.0%
BITBANK0            50      0       0       4        0.0%
BITSFR3              0      0       0       4        0.0%
SFR3                 0      0       0       4        0.0%
BANK0               50      0       0       5        0.0%
BITSFR2              0      0       0       5        0.0%
SFR2                 0      0       0       5        0.0%
BITBANK1            50      0       0       6        0.0%
BANK1               50      0       0       7        0.0%
BITBANK3            60      0       0       8        0.0%
BANK3               60      0       0       9        0.0%
BITBANK2            60      0       0      10        0.0%
BANK2               60      0       0      11        0.0%
DATA                 0      0       0      12        0.0%


Microchip Technology PIC Macro Assembler V2.45 build 20230818022343 
Symbol Table                                                                                   Thu Dec 21 18:21:02 2023

                     l20 0035                       l19 0035                      l620 002E  
                    l622 0034                     i1l14 0027                     u1_20 0017  
                   u1_21 0016                     u2_20 0023                     u2_21 001F  
                   u3_24 0026                     _main 002E                     btemp 007E  
                   start 000C                    ?_main 0070                    i1l614 0013  
                  i1l616 0017                    i1l618 0026                    _TRISC 0087  
                  pclath 000A                    status 0003                    wtemp0 007E  
        __initialization 000F             __end_of_main 0039                   ??_main 0072  
       __end_of_external 002E                   saved_w 007E  __end_of__initialization 000F  
         __pcstackCOMMON 0070           _OPTION_REGbits 0081               __pmaintext 002E  
             __pintentry 0004                ?_external 0070                  __ptext1 0013  
   end_of_initialization 000F               ??_external 0070                _PORTCbits 0007  
    start_initialization 000F                ___latbits 0002        interrupt_function 0004  
               _external 0013               _INTCONbits 000B                 intlevel1 0000  
